<?xml version="1.0" encoding="UTF-8"?>
<!-- Generated by org.testng.reporters.JUnitReportReporter -->
<testsuite skipped="1" hostname="Balaji" name="com.maveric.mavericconnecttest.LoginTest" tests="5" failures="0" timestamp="2019-09-19T15:27:04 IST" time="7.229" errors="0">
  <testcase name="invalidCredentialTest" time="3.433" classname="com.maveric.mavericconnecttest.LoginTest"/>
  <testcase name="invalidCredentialsTest" time="1.353" classname="com.maveric.mavericconnecttest.LoginTest"/>
  <testcase name="invalidCredentialsTest" time="1.229" classname="com.maveric.mavericconnecttest.LoginTest"/>
  <testcase name="invalidCredentialsTest" time="1.214" classname="com.maveric.mavericconnecttest.LoginTest"/>
  <testcase name="validCredentialTest" classname="com.maveric.mavericconnecttest.LoginTest">
    <skipped/>
  </testcase> <!-- validCredentialTest -->
</testsuite> <!-- com.maveric.mavericconnecttest.LoginTest -->
