<?xml version="1.0" encoding="UTF-8"?>
<!-- Generated by org.testng.reporters.JUnitReportReporter -->
<testsuite skipped="2" hostname="Balaji" name="com.maveric.mavericconnecttest.LoginTest" tests="2" failures="0" timestamp="2019-09-18T16:22:29 IST" time="0.000" errors="0">
  <testcase name="invalidCredentialsTest" time="0.000" classname="com.maveric.mavericconnecttest.LoginTest">
    <skipped/>
  </testcase> <!-- invalidCredentialsTest -->
  <testcase name="validCredentialTest" classname="com.maveric.mavericconnecttest.LoginTest">
    <skipped/>
  </testcase> <!-- validCredentialTest -->
</testsuite> <!-- com.maveric.mavericconnecttest.LoginTest -->
