<?xml version="1.0" encoding="UTF-8"?>
<!-- Generated by org.testng.reporters.JUnitReportReporter -->
<testsuite skipped="0" hostname="Balaji" name="com.maveric.mavericconnecttest.AddTimeCartTest" tests="1" failures="0" timestamp="2019-09-18T17:10:54 IST" time="13.703" errors="0">
  <testcase name="timeCartTest" time="13.703" classname="com.maveric.mavericconnecttest.AddTimeCartTest"/>
</testsuite> <!-- com.maveric.mavericconnecttest.AddTimeCartTest -->
